{
  "RSpec": {
    "coverage": {
      "/Users/maheshkumar/Documents/rubyBootcamp/calculator-master/lib/calculator_operations.rb": [
        1,
        1,
        1
      ],
      "/Users/maheshkumar/Documents/rubyBootcamp/calculator-master/lib/calculator_operations/calculator.rb": [
        null,
        1,
        null,
        1,
        13,
        null,
        null,
        1,
        17,
        null,
        null,
        1,
        3,
        null,
        null,
        1,
        4,
        null,
        null,
        1,
        5,
        null,
        null,
        1,
        null,
        2,
        null,
        null,
        1,
        2,
        null,
        null,
        1,
        null,
        2,
        null,
        null,
        null,
        1,
        2,
        null,
        null,
        1,
        2,
        null,
        null,
        1,
        2,
        null,
        null,
        1,
        6,
        null,
        null,
        null
      ],
      "/Users/maheshkumar/Documents/rubyBootcamp/calculator-master/lib/calculator_operations/application.rb": [
        null,
        1,
        null,
        1,
        0,
        0,
        0,
        0,
        0,
        0,
        0,
        null,
        null,
        null,
        1,
        1,
        1,
        1,
        null,
        null
      ],
      "/Users/maheshkumar/Documents/rubyBootcamp/calculator-master/lib/calculator_operations/parser.rb": [
        null,
        1,
        null,
        1,
        12,
        null,
        null,
        1,
        27,
        27,
        null,
        11,
        null,
        2,
        null,
        4,
        null,
        3,
        null,
        1,
        null,
        1,
        null,
        1,
        null,
        1,
        null,
        1,
        null,
        1,
        null,
        1,
        null,
        null,
        null
      ],
      "/Users/maheshkumar/Documents/rubyBootcamp/calculator-master/spec/calculator_operations/calculator_spec.rb": [
        1,
        1,
        null,
        1,
        1,
        null,
        null,
        1,
        1,
        null,
        null,
        1,
        1,
        null,
        null,
        1,
        1,
        null,
        null,
        1,
        1,
        null,
        null,
        1,
        1,
        null,
        null,
        1,
        1,
        1,
        null,
        null,
        1,
        null,
        1,
        null,
        null,
        1,
        1,
        1,
        1,
        null,
        null,
        1,
        1,
        null,
        1,
        1,
        null,
        null,
        1,
        1,
        null,
        1,
        1,
        null,
        null,
        1,
        1,
        null,
        1,
        null,
        1,
        null,
        null,
        null
      ],
      "/Users/maheshkumar/Documents/rubyBootcamp/calculator-master/spec/calculator_operations/parser_spec.rb": [
        1,
        1,
        null,
        12,
        null,
        1,
        1,
        null,
        null,
        1,
        1,
        1,
        null,
        null,
        1,
        1,
        1,
        1,
        null,
        null,
        1,
        1,
        1,
        1,
        1,
        null,
        null,
        1,
        1,
        1,
        1,
        1,
        1,
        null,
        null,
        1,
        1,
        1,
        null,
        null,
        1,
        1,
        1,
        null,
        null,
        1,
        1,
        1,
        null,
        null,
        1,
        1,
        1,
        null,
        1,
        1,
        1,
        null,
        null,
        1,
        1,
        1,
        null,
        null,
        null,
        null
      ]
    },
    "timestamp": 1423035022
  }
}
